L 11/18/2023 - 00:05:02: SourceMod error session started
L 11/18/2023 - 00:05:02: Info (map "c7m2_barge") (file "D:\Steam\steamapps\common\Left 4 Dead 2\left4dead2\addons\sourcemod\logs\errors_20231118.log")
L 11/18/2023 - 00:05:02: [SM] Failed to load plugin "l4d_ffannounce.smx": Unable to load plugin (unsupported feature set; code is too new).
L 11/18/2023 - 00:05:02: [SM] Failed to load plugin "survivor_chat_select.smx": Unable to load plugin (unsupported feature set; code is too new).
L 11/18/2023 - 00:14:15: Error log file session closed.
L 11/18/2023 - 00:14:15: SourceMod error session started
L 11/18/2023 - 00:14:15: Info (map "c7m3_port") (file "D:\Steam\steamapps\common\Left 4 Dead 2\left4dead2\addons\sourcemod\logs\errors_20231118.log")
L 11/18/2023 - 00:14:15: [SM] Failed to load plugin "l4d_ffannounce.smx": Unable to load plugin (unsupported feature set; code is too new).
L 11/18/2023 - 00:14:15: [SM] Failed to load plugin "survivor_chat_select.smx": Unable to load plugin (unsupported feature set; code is too new).
L 11/18/2023 - 00:22:24: Error log file session closed.
L 11/18/2023 - 00:22:24: SourceMod error session started
L 11/18/2023 - 00:22:24: Info (map "c5m1_waterfront") (file "D:\Steam\steamapps\common\Left 4 Dead 2\left4dead2\addons\sourcemod\logs\errors_20231118.log")
L 11/18/2023 - 00:22:24: [SM] Failed to load plugin "l4d_ffannounce.smx": Unable to load plugin (unsupported feature set; code is too new).
L 11/18/2023 - 00:22:24: [SM] Failed to load plugin "survivor_chat_select.smx": Unable to load plugin (unsupported feature set; code is too new).
L 11/18/2023 - 00:24:42: Error log file session closed.
L 11/18/2023 - 00:24:43: SourceMod error session started
L 11/18/2023 - 00:24:43: Info (map "c5m1_waterfront") (file "D:\Steam\steamapps\common\Left 4 Dead 2\left4dead2\addons\sourcemod\logs\errors_20231118.log")
L 11/18/2023 - 00:24:43: [SM] Failed to load plugin "l4d_ffannounce.smx": Unable to load plugin (unsupported feature set; code is too new).
L 11/18/2023 - 00:24:43: [SM] Failed to load plugin "survivor_chat_select.smx": Unable to load plugin (unsupported feature set; code is too new).
L 11/18/2023 - 00:29:06: Error log file session closed.
L 11/18/2023 - 00:29:06: SourceMod error session started
L 11/18/2023 - 00:29:06: Info (map "c5m2_park") (file "D:\Steam\steamapps\common\Left 4 Dead 2\left4dead2\addons\sourcemod\logs\errors_20231118.log")
L 11/18/2023 - 00:29:06: [SM] Failed to load plugin "l4d_ffannounce.smx": Unable to load plugin (unsupported feature set; code is too new).
L 11/18/2023 - 00:29:06: [SM] Failed to load plugin "survivor_chat_select.smx": Unable to load plugin (unsupported feature set; code is too new).
L 11/18/2023 - 00:41:24: Error log file session closed.
L 11/18/2023 - 00:41:24: SourceMod error session started
L 11/18/2023 - 00:41:24: Info (map "c5m3_cemetery") (file "D:\Steam\steamapps\common\Left 4 Dead 2\left4dead2\addons\sourcemod\logs\errors_20231118.log")
L 11/18/2023 - 00:41:24: [SM] Failed to load plugin "l4d_ffannounce.smx": Unable to load plugin (unsupported feature set; code is too new).
L 11/18/2023 - 00:41:24: [SM] Failed to load plugin "survivor_chat_select.smx": Unable to load plugin (unsupported feature set; code is too new).
L 11/18/2023 - 00:59:02: Error log file session closed.
L 11/18/2023 - 00:59:02: SourceMod error session started
L 11/18/2023 - 00:59:02: Info (map "c5m4_quarter") (file "D:\Steam\steamapps\common\Left 4 Dead 2\left4dead2\addons\sourcemod\logs\errors_20231118.log")
L 11/18/2023 - 00:59:02: [SM] Failed to load plugin "l4d_ffannounce.smx": Unable to load plugin (unsupported feature set; code is too new).
L 11/18/2023 - 00:59:02: [SM] Failed to load plugin "survivor_chat_select.smx": Unable to load plugin (unsupported feature set; code is too new).
L 11/18/2023 - 01:11:27: Error log file session closed.
L 11/18/2023 - 01:11:27: SourceMod error session started
L 11/18/2023 - 01:11:27: Info (map "c5m5_bridge") (file "D:\Steam\steamapps\common\Left 4 Dead 2\left4dead2\addons\sourcemod\logs\errors_20231118.log")
L 11/18/2023 - 01:11:27: [SM] Failed to load plugin "l4d_ffannounce.smx": Unable to load plugin (unsupported feature set; code is too new).
L 11/18/2023 - 01:11:27: [SM] Failed to load plugin "survivor_chat_select.smx": Unable to load plugin (unsupported feature set; code is too new).
L 11/18/2023 - 01:18:25: Error log file session closed.
L 11/18/2023 - 22:23:08: SourceMod error session started
L 11/18/2023 - 22:23:08: Info (map "c8m1_apartment") (file "D:\Steam\steamapps\common\Left 4 Dead 2\left4dead2\addons\sourcemod\logs\errors_20231118.log")
L 11/18/2023 - 22:23:08: [SM] Failed to load plugin "l4d_ffannounce.smx": Unable to load plugin (unsupported feature set; code is too new).
L 11/18/2023 - 22:23:08: [SM] Failed to load plugin "survivor_chat_select.smx": Unable to load plugin (unsupported feature set; code is too new).
L 11/18/2023 - 22:23:08: [SM] Exception reported: Failed to find "CMoveableCamera::FollowTarget" signature.
L 11/18/2023 - 22:23:08: [SM] Blaming: FollowTarget_Detour.smx
L 11/18/2023 - 22:23:08: [SM] Call stack trace:
L 11/18/2023 - 22:23:08: [SM]   [0] SetFailState
L 11/18/2023 - 22:23:08: [SM]   [1] Line 61, C:\Users\Administrator\Desktop\1.10\FollowTarget_Detour.sp::SetupDetour
L 11/18/2023 - 22:23:08: [SM]   [2] Line 44, C:\Users\Administrator\Desktop\1.10\FollowTarget_Detour.sp::OnPluginStart
L 11/18/2023 - 22:23:08: [SM] Unable to load plugin "FollowTarget_Detour.smx": Error detected in plugin startup (see error logs)
L 11/18/2023 - 22:23:09: [left4dhooks.smx] Failed to find signature: HasAnySurvivorLeftSafeArea
L 11/18/2023 - 22:23:09: [left4dhooks.smx] Failed to find signature: IsTankInPlay
L 11/18/2023 - 22:23:09: [left4dhooks.smx] Failed to find signature: GetFurthestSurvivorFlow
L 11/18/2023 - 22:23:09: [left4dhooks.smx] Failed to find signature: GetScriptValueInt
L 11/18/2023 - 22:23:09: [SM] Exception reported: Could not load the "CTerrorGameRules::IsRealismMode" gamedata signature.
L 11/18/2023 - 22:23:09: [SM] Blaming: left4dhooks.smx
L 11/18/2023 - 22:23:09: [SM] Call stack trace:
L 11/18/2023 - 22:23:09: [SM]   [0] SetFailState
L 11/18/2023 - 22:23:09: [SM]   [1] Line 3520, C:\Users\Administrator\Desktop\1.11\left4dhooks.sp::LoadGameData
L 11/18/2023 - 22:23:09: [SM]   [2] Line 1446, C:\Users\Administrator\Desktop\1.11\left4dhooks.sp::OnPluginStart
L 11/18/2023 - 22:23:09: [SM] Unable to load plugin "left4dhooks.smx": Error detected in plugin startup (see error logs)
L 11/18/2023 - 22:23:09: [SM] Exception reported: Failed to load signature: CDirector::IsInTransition
L 11/18/2023 - 22:23:09: [SM] Blaming: transitionzombiespawnfix.smx
L 11/18/2023 - 22:23:09: [SM] Call stack trace:
L 11/18/2023 - 22:23:09: [SM]   [0] SetFailState
L 11/18/2023 - 22:23:09: [SM]   [1] Line 73, C:\Users\Administrator\Desktop\1.10\transitionzombiespawnfix.sp::vSetupDetours
L 11/18/2023 - 22:23:09: [SM]   [2] Line 54, C:\Users\Administrator\Desktop\1.10\transitionzombiespawnfix.sp::vLoadGameData
L 11/18/2023 - 22:23:09: [SM]   [3] Line 35, C:\Users\Administrator\Desktop\1.10\transitionzombiespawnfix.sp::OnPluginStart
L 11/18/2023 - 22:23:09: [SM] Unable to load plugin "transitionzombiespawnfix.smx": Error detected in plugin startup (see error logs)
L 11/18/2023 - 22:38:39: Error log file session closed.
L 11/18/2023 - 22:38:39: SourceMod error session started
L 11/18/2023 - 22:38:39: Info (map "c8m2_subway") (file "D:\Steam\steamapps\common\Left 4 Dead 2\left4dead2\addons\sourcemod\logs\errors_20231118.log")
L 11/18/2023 - 22:38:39: [SM] Failed to load plugin "l4d_ffannounce.smx": Unable to load plugin (unsupported feature set; code is too new).
L 11/18/2023 - 22:38:39: [SM] Failed to load plugin "survivor_chat_select.smx": Unable to load plugin (unsupported feature set; code is too new).
L 11/18/2023 - 22:38:39: [SM] Unable to load plugin "l4d_reload_fix.smx": Native "L4D2_GetIntWeaponAttribute" was not found
L 11/18/2023 - 22:50:55: Error log file session closed.
L 11/18/2023 - 22:50:56: SourceMod error session started
L 11/18/2023 - 22:50:56: Info (map "c8m3_sewers") (file "D:\Steam\steamapps\common\Left 4 Dead 2\left4dead2\addons\sourcemod\logs\errors_20231118.log")
L 11/18/2023 - 22:50:56: [SM] Failed to load plugin "l4d_ffannounce.smx": Unable to load plugin (unsupported feature set; code is too new).
L 11/18/2023 - 22:50:56: [SM] Failed to load plugin "survivor_chat_select.smx": Unable to load plugin (unsupported feature set; code is too new).
L 11/18/2023 - 23:04:55: Error log file session closed.
L 11/18/2023 - 23:04:55: SourceMod error session started
L 11/18/2023 - 23:04:55: Info (map "c8m4_interior") (file "D:\Steam\steamapps\common\Left 4 Dead 2\left4dead2\addons\sourcemod\logs\errors_20231118.log")
L 11/18/2023 - 23:04:55: [SM] Failed to load plugin "l4d_ffannounce.smx": Unable to load plugin (unsupported feature set; code is too new).
L 11/18/2023 - 23:04:55: [SM] Failed to load plugin "survivor_chat_select.smx": Unable to load plugin (unsupported feature set; code is too new).
L 11/18/2023 - 23:19:47: Error log file session closed.
L 11/18/2023 - 23:19:47: SourceMod error session started
L 11/18/2023 - 23:19:47: Info (map "c8m5_rooftop") (file "D:\Steam\steamapps\common\Left 4 Dead 2\left4dead2\addons\sourcemod\logs\errors_20231118.log")
L 11/18/2023 - 23:19:47: [SM] Failed to load plugin "l4d_ffannounce.smx": Unable to load plugin (unsupported feature set; code is too new).
L 11/18/2023 - 23:19:47: [SM] Failed to load plugin "survivor_chat_select.smx": Unable to load plugin (unsupported feature set; code is too new).
L 11/18/2023 - 23:40:55: Error log file session closed.
L 11/18/2023 - 23:40:55: SourceMod error session started
L 11/18/2023 - 23:40:55: Info (map "c2m3_coaster") (file "D:\Steam\steamapps\common\Left 4 Dead 2\left4dead2\addons\sourcemod\logs\errors_20231118.log")
L 11/18/2023 - 23:40:55: [SM] Failed to load plugin "l4d_ffannounce.smx": Unable to load plugin (unsupported feature set; code is too new).
L 11/18/2023 - 23:40:55: [SM] Failed to load plugin "survivor_chat_select.smx": Unable to load plugin (unsupported feature set; code is too new).
L 11/18/2023 - 23:54:06: Error log file session closed.
L 11/18/2023 - 23:54:06: SourceMod error session started
L 11/18/2023 - 23:54:06: Info (map "c2m4_barns") (file "D:\Steam\steamapps\common\Left 4 Dead 2\left4dead2\addons\sourcemod\logs\errors_20231118.log")
L 11/18/2023 - 23:54:06: [SM] Failed to load plugin "l4d_ffannounce.smx": Unable to load plugin (unsupported feature set; code is too new).
L 11/18/2023 - 23:54:06: [SM] Failed to load plugin "survivor_chat_select.smx": Unable to load plugin (unsupported feature set; code is too new).
L 11/19/2023 - 00:11:46: Error log file session closed.
