L 09/12/2025 - 18:41:41: SourceMod error session started
L 09/12/2025 - 18:41:41: Info (map "c1m1_hotel") (file "D:\Steam\steamapps\common\Left 4 Dead 2\left4dead2\addons\sourcemod\logs\errors_20250912.log")
L 09/12/2025 - 18:41:41: [SM] Exception reported: Missing translation file "l4d_ffannounce.phrases.txt"
L 09/12/2025 - 18:41:41: [SM] Blaming: l4d_ffannounce.smx
L 09/12/2025 - 18:41:41: [SM] Call stack trace:
L 09/12/2025 - 18:41:41: [SM]   [0] SetFailState
L 09/12/2025 - 18:41:41: [SM]   [1] Line 48, J:\Documents\GitHub\MoYu_Server_Stupid_Plugins\The Last Stand\l4d_ffannounce\l4d_ffannounce.sp::LoadPluginTranslations
L 09/12/2025 - 18:41:41: [SM]   [2] Line 55, J:\Documents\GitHub\MoYu_Server_Stupid_Plugins\The Last Stand\l4d_ffannounce\l4d_ffannounce.sp::OnPluginStart
L 09/12/2025 - 18:41:41: [SM] Unable to load plugin "l4d_ffannounce.smx": Error detected in plugin startup (see error logs)
L 09/12/2025 - 18:42:21: Error log file session closed.
L 09/12/2025 - 18:43:34: SourceMod error session started
L 09/12/2025 - 18:43:34: Info (map "c1m1_hotel") (file "D:\Steam\steamapps\common\Left 4 Dead 2\left4dead2\addons\sourcemod\logs\errors_20250912.log")
L 09/12/2025 - 18:43:34: [SM] Exception reported: Missing translation file "l4d_ffannounce.phrases.txt"
L 09/12/2025 - 18:43:34: [SM] Blaming: l4d_ffannounce.smx
L 09/12/2025 - 18:43:34: [SM] Call stack trace:
L 09/12/2025 - 18:43:34: [SM]   [0] SetFailState
L 09/12/2025 - 18:43:34: [SM]   [1] Line 48, J:\Documents\GitHub\MoYu_Server_Stupid_Plugins\The Last Stand\l4d_ffannounce\l4d_ffannounce.sp::LoadPluginTranslations
L 09/12/2025 - 18:43:34: [SM]   [2] Line 55, J:\Documents\GitHub\MoYu_Server_Stupid_Plugins\The Last Stand\l4d_ffannounce\l4d_ffannounce.sp::OnPluginStart
L 09/12/2025 - 18:43:34: [SM] Unable to load plugin "l4d_ffannounce.smx": Error detected in plugin startup (see error logs)
L 09/12/2025 - 18:44:36: Error log file session closed.
L 09/12/2025 - 18:45:30: SourceMod error session started
L 09/12/2025 - 18:45:30: Info (map "c1m1_hotel") (file "D:\Steam\steamapps\common\Left 4 Dead 2\left4dead2\addons\sourcemod\logs\errors_20250912.log")
L 09/12/2025 - 18:45:30: [l4d2_sv_maxplayers.smx] 设置人数ConVar无效:"sv_maxplayers".
L 09/12/2025 - 18:45:30: [SM] Exception reported: Missing translation file "l4d_ffannounce.phrases.txt"
L 09/12/2025 - 18:45:30: [SM] Blaming: l4d_ffannounce.smx
L 09/12/2025 - 18:45:30: [SM] Call stack trace:
L 09/12/2025 - 18:45:30: [SM]   [0] SetFailState
L 09/12/2025 - 18:45:30: [SM]   [1] Line 48, J:\Documents\GitHub\MoYu_Server_Stupid_Plugins\The Last Stand\l4d_ffannounce\l4d_ffannounce.sp::LoadPluginTranslations
L 09/12/2025 - 18:45:30: [SM]   [2] Line 55, J:\Documents\GitHub\MoYu_Server_Stupid_Plugins\The Last Stand\l4d_ffannounce\l4d_ffannounce.sp::OnPluginStart
L 09/12/2025 - 18:45:30: [SM] Unable to load plugin "l4d_ffannounce.smx": Error detected in plugin startup (see error logs)
L 09/12/2025 - 18:45:37: [l4d2_sv_maxplayers.smx] 设置人数ConVar无效:"sv_maxplayers".
L 09/12/2025 - 18:48:48: Error log file session closed.
L 09/12/2025 - 18:48:51: SourceMod error session started
L 09/12/2025 - 18:48:51: Info (map "c1m1_hotel") (file "D:\Steam\steamapps\common\Left 4 Dead 2\left4dead2\addons\sourcemod\logs\errors_20250912.log")
L 09/12/2025 - 18:48:51: [l4d2_sv_maxplayers.smx] 设置人数ConVar无效:"sv_maxplayers".
L 09/12/2025 - 18:51:47: Error log file session closed.
L 09/12/2025 - 18:53:04: SourceMod error session started
L 09/12/2025 - 18:53:04: Info (map "c1m1_hotel") (file "D:\Steam\steamapps\common\Left 4 Dead 2\left4dead2\addons\sourcemod\logs\errors_20250912.log")
L 09/12/2025 - 18:53:04: [SM] Exception reported: Missing translation file "l4d_ffannounce.phrases.txt"
L 09/12/2025 - 18:53:04: [SM] Blaming: l4d_ffannounce.smx
L 09/12/2025 - 18:53:04: [SM] Call stack trace:
L 09/12/2025 - 18:53:04: [SM]   [0] SetFailState
L 09/12/2025 - 18:53:04: [SM]   [1] Line 48, J:\Documents\GitHub\MoYu_Server_Stupid_Plugins\The Last Stand\l4d_ffannounce\l4d_ffannounce.sp::LoadPluginTranslations
L 09/12/2025 - 18:53:04: [SM]   [2] Line 55, J:\Documents\GitHub\MoYu_Server_Stupid_Plugins\The Last Stand\l4d_ffannounce\l4d_ffannounce.sp::OnPluginStart
L 09/12/2025 - 18:53:04: [SM] Unable to load plugin "l4d_ffannounce.smx": Error detected in plugin startup (see error logs)
L 09/12/2025 - 18:54:42: Error log file session closed.
L 09/12/2025 - 23:41:06: SourceMod error session started
L 09/12/2025 - 23:41:06: Info (map "c2m1_highway") (file "D:\Steam\steamapps\common\Left 4 Dead 2\left4dead2\addons\sourcemod\logs\errors_20250912.log")
L 09/12/2025 - 23:41:06: [SM] Exception reported: Missing translation file "l4d_ffannounce.phrases.txt"
L 09/12/2025 - 23:41:06: [SM] Blaming: l4d_ffannounce.smx
L 09/12/2025 - 23:41:06: [SM] Call stack trace:
L 09/12/2025 - 23:41:06: [SM]   [0] SetFailState
L 09/12/2025 - 23:41:06: [SM]   [1] Line 48, J:\Documents\GitHub\MoYu_Server_Stupid_Plugins\The Last Stand\l4d_ffannounce\l4d_ffannounce.sp::LoadPluginTranslations
L 09/12/2025 - 23:41:06: [SM]   [2] Line 55, J:\Documents\GitHub\MoYu_Server_Stupid_Plugins\The Last Stand\l4d_ffannounce\l4d_ffannounce.sp::OnPluginStart
L 09/12/2025 - 23:41:06: [SM] Unable to load plugin "l4d_ffannounce.smx": Error detected in plugin startup (see error logs)
L 09/12/2025 - 23:51:30: Error log file session closed.
L 09/12/2025 - 23:57:43: SourceMod error session started
L 09/12/2025 - 23:57:43: Info (map "c2m1_highway") (file "D:\Steam\steamapps\common\Left 4 Dead 2\left4dead2\addons\sourcemod\logs\errors_20250912.log")
L 09/12/2025 - 23:57:43: [SM] Exception reported: Missing translation file "l4d_ffannounce.phrases.txt"
L 09/12/2025 - 23:57:43: [SM] Blaming: l4d_ffannounce.smx
L 09/12/2025 - 23:57:43: [SM] Call stack trace:
L 09/12/2025 - 23:57:43: [SM]   [0] SetFailState
L 09/12/2025 - 23:57:43: [SM]   [1] Line 48, J:\Documents\GitHub\MoYu_Server_Stupid_Plugins\The Last Stand\l4d_ffannounce\l4d_ffannounce.sp::LoadPluginTranslations
L 09/12/2025 - 23:57:43: [SM]   [2] Line 55, J:\Documents\GitHub\MoYu_Server_Stupid_Plugins\The Last Stand\l4d_ffannounce\l4d_ffannounce.sp::OnPluginStart
L 09/12/2025 - 23:57:43: [SM] Unable to load plugin "l4d_ffannounce.smx": Error detected in plugin startup (see error logs)
L 09/13/2025 - 00:05:18: Error log file session closed.
