L 11/13/2023 - 00:00:44: SourceMod error session started
L 11/13/2023 - 00:00:44: Info (map "c1m3_mall") (file "D:\Steam\steamapps\common\Left 4 Dead 2\left4dead2\addons\sourcemod\logs\errors_20231113.log")
L 11/13/2023 - 00:00:44: Error log file session closed.
L 11/13/2023 - 11:41:43: SourceMod error session started
L 11/13/2023 - 11:41:43: Info (map "c1m3_mall") (file "D:\Steam\steamapps\common\Left 4 Dead 2\left4dead2\addons\sourcemod\logs\errors_20231113.log")
L 11/13/2023 - 11:41:43: [SM] Failed to load plugin "l4d_ffannounce.smx": Unable to load plugin (unsupported feature set; code is too new).
L 11/13/2023 - 11:41:43: [SM] Exception reported: Failed to find "CMoveableCamera::FollowTarget" signature.
L 11/13/2023 - 11:41:43: [SM] Blaming: FollowTarget_Detour.smx
L 11/13/2023 - 11:41:43: [SM] Call stack trace:
L 11/13/2023 - 11:41:43: [SM]   [0] SetFailState
L 11/13/2023 - 11:41:43: [SM]   [1] Line 61, C:\Users\Administrator\Desktop\1.10\FollowTarget_Detour.sp::SetupDetour
L 11/13/2023 - 11:41:43: [SM]   [2] Line 44, C:\Users\Administrator\Desktop\1.10\FollowTarget_Detour.sp::OnPluginStart
L 11/13/2023 - 11:41:43: [SM] Unable to load plugin "FollowTarget_Detour.smx": Error detected in plugin startup (see error logs)
L 11/13/2023 - 11:41:45: [left4dhooks.smx] Failed to find signature: HasAnySurvivorLeftSafeArea
L 11/13/2023 - 11:41:45: [left4dhooks.smx] Failed to find signature: IsTankInPlay
L 11/13/2023 - 11:41:45: [left4dhooks.smx] Failed to find signature: GetFurthestSurvivorFlow
L 11/13/2023 - 11:41:45: [left4dhooks.smx] Failed to find signature: GetScriptValueInt
L 11/13/2023 - 11:41:45: [SM] Exception reported: Could not load the "CTerrorGameRules::IsRealismMode" gamedata signature.
L 11/13/2023 - 11:41:45: [SM] Blaming: left4dhooks.smx
L 11/13/2023 - 11:41:45: [SM] Call stack trace:
L 11/13/2023 - 11:41:45: [SM]   [0] SetFailState
L 11/13/2023 - 11:41:45: [SM]   [1] Line 3520, C:\Users\Administrator\Desktop\1.11\left4dhooks.sp::LoadGameData
L 11/13/2023 - 11:41:45: [SM]   [2] Line 1446, C:\Users\Administrator\Desktop\1.11\left4dhooks.sp::OnPluginStart
L 11/13/2023 - 11:41:45: [SM] Unable to load plugin "left4dhooks.smx": Error detected in plugin startup (see error logs)
L 11/13/2023 - 11:41:45: [SM] Exception reported: Failed to load signature: CDirector::IsInTransition
L 11/13/2023 - 11:41:45: [SM] Blaming: transitionzombiespawnfix.smx
L 11/13/2023 - 11:41:45: [SM] Call stack trace:
L 11/13/2023 - 11:41:45: [SM]   [0] SetFailState
L 11/13/2023 - 11:41:45: [SM]   [1] Line 73, C:\Users\Administrator\Desktop\1.10\transitionzombiespawnfix.sp::vSetupDetours
L 11/13/2023 - 11:41:45: [SM]   [2] Line 54, C:\Users\Administrator\Desktop\1.10\transitionzombiespawnfix.sp::vLoadGameData
L 11/13/2023 - 11:41:45: [SM]   [3] Line 35, C:\Users\Administrator\Desktop\1.10\transitionzombiespawnfix.sp::OnPluginStart
L 11/13/2023 - 11:41:45: [SM] Unable to load plugin "transitionzombiespawnfix.smx": Error detected in plugin startup (see error logs)
L 11/13/2023 - 11:48:32: Error log file session closed.
L 11/13/2023 - 14:56:55: SourceMod error session started
L 11/13/2023 - 14:56:55: Info (map "c1m3_mall") (file "D:\Steam\steamapps\common\Left 4 Dead 2\left4dead2\addons\sourcemod\logs\errors_20231113.log")
L 11/13/2023 - 14:56:55: [SM] Failed to load plugin "l4d_ffannounce.smx": Unable to load plugin (unsupported feature set; code is too new).
L 11/13/2023 - 14:56:55: [SM] Exception reported: Failed to find "CMoveableCamera::FollowTarget" signature.
L 11/13/2023 - 14:56:55: [SM] Blaming: FollowTarget_Detour.smx
L 11/13/2023 - 14:56:55: [SM] Call stack trace:
L 11/13/2023 - 14:56:55: [SM]   [0] SetFailState
L 11/13/2023 - 14:56:55: [SM]   [1] Line 61, C:\Users\Administrator\Desktop\1.10\FollowTarget_Detour.sp::SetupDetour
L 11/13/2023 - 14:56:55: [SM]   [2] Line 44, C:\Users\Administrator\Desktop\1.10\FollowTarget_Detour.sp::OnPluginStart
L 11/13/2023 - 14:56:55: [SM] Unable to load plugin "FollowTarget_Detour.smx": Error detected in plugin startup (see error logs)
L 11/13/2023 - 14:56:57: [left4dhooks.smx] Failed to find signature: HasAnySurvivorLeftSafeArea
L 11/13/2023 - 14:56:57: [left4dhooks.smx] Failed to find signature: IsTankInPlay
L 11/13/2023 - 14:56:57: [left4dhooks.smx] Failed to find signature: GetFurthestSurvivorFlow
L 11/13/2023 - 14:56:57: [left4dhooks.smx] Failed to find signature: GetScriptValueInt
L 11/13/2023 - 14:56:57: [SM] Exception reported: Could not load the "CTerrorGameRules::IsRealismMode" gamedata signature.
L 11/13/2023 - 14:56:57: [SM] Blaming: left4dhooks.smx
L 11/13/2023 - 14:56:57: [SM] Call stack trace:
L 11/13/2023 - 14:56:57: [SM]   [0] SetFailState
L 11/13/2023 - 14:56:57: [SM]   [1] Line 3520, C:\Users\Administrator\Desktop\1.11\left4dhooks.sp::LoadGameData
L 11/13/2023 - 14:56:57: [SM]   [2] Line 1446, C:\Users\Administrator\Desktop\1.11\left4dhooks.sp::OnPluginStart
L 11/13/2023 - 14:56:57: [SM] Unable to load plugin "left4dhooks.smx": Error detected in plugin startup (see error logs)
L 11/13/2023 - 14:56:57: [SM] Exception reported: Failed to load signature: CDirector::IsInTransition
L 11/13/2023 - 14:56:57: [SM] Blaming: transitionzombiespawnfix.smx
L 11/13/2023 - 14:56:57: [SM] Call stack trace:
L 11/13/2023 - 14:56:57: [SM]   [0] SetFailState
L 11/13/2023 - 14:56:57: [SM]   [1] Line 73, C:\Users\Administrator\Desktop\1.10\transitionzombiespawnfix.sp::vSetupDetours
L 11/13/2023 - 14:56:57: [SM]   [2] Line 54, C:\Users\Administrator\Desktop\1.10\transitionzombiespawnfix.sp::vLoadGameData
L 11/13/2023 - 14:56:57: [SM]   [3] Line 35, C:\Users\Administrator\Desktop\1.10\transitionzombiespawnfix.sp::OnPluginStart
L 11/13/2023 - 14:56:57: [SM] Unable to load plugin "transitionzombiespawnfix.smx": Error detected in plugin startup (see error logs)
L 11/13/2023 - 14:58:04: Error log file session closed.
L 11/13/2023 - 15:11:14: SourceMod error session started
L 11/13/2023 - 15:11:14: Info (map "c1m2_streets") (file "D:\Steam\steamapps\common\Left 4 Dead 2\left4dead2\addons\sourcemod\logs\errors_20231113.log")
L 11/13/2023 - 15:11:14: [SM] Failed to load plugin "l4d_ffannounce.smx": Unable to load plugin (unsupported feature set; code is too new).
L 11/13/2023 - 15:11:14: [SM] Exception reported: Failed to find "CMoveableCamera::FollowTarget" signature.
L 11/13/2023 - 15:11:14: [SM] Blaming: FollowTarget_Detour.smx
L 11/13/2023 - 15:11:14: [SM] Call stack trace:
L 11/13/2023 - 15:11:14: [SM]   [0] SetFailState
L 11/13/2023 - 15:11:14: [SM]   [1] Line 61, C:\Users\Administrator\Desktop\1.10\FollowTarget_Detour.sp::SetupDetour
L 11/13/2023 - 15:11:14: [SM]   [2] Line 44, C:\Users\Administrator\Desktop\1.10\FollowTarget_Detour.sp::OnPluginStart
L 11/13/2023 - 15:11:14: [SM] Unable to load plugin "FollowTarget_Detour.smx": Error detected in plugin startup (see error logs)
L 11/13/2023 - 15:11:15: [left4dhooks.smx] Failed to find signature: HasAnySurvivorLeftSafeArea
L 11/13/2023 - 15:11:15: [left4dhooks.smx] Failed to find signature: IsTankInPlay
L 11/13/2023 - 15:11:15: [left4dhooks.smx] Failed to find signature: GetFurthestSurvivorFlow
L 11/13/2023 - 15:11:15: [left4dhooks.smx] Failed to find signature: GetScriptValueInt
L 11/13/2023 - 15:11:15: [SM] Exception reported: Could not load the "CTerrorGameRules::IsRealismMode" gamedata signature.
L 11/13/2023 - 15:11:15: [SM] Blaming: left4dhooks.smx
L 11/13/2023 - 15:11:15: [SM] Call stack trace:
L 11/13/2023 - 15:11:15: [SM]   [0] SetFailState
L 11/13/2023 - 15:11:15: [SM]   [1] Line 3520, C:\Users\Administrator\Desktop\1.11\left4dhooks.sp::LoadGameData
L 11/13/2023 - 15:11:15: [SM]   [2] Line 1446, C:\Users\Administrator\Desktop\1.11\left4dhooks.sp::OnPluginStart
L 11/13/2023 - 15:11:15: [SM] Unable to load plugin "left4dhooks.smx": Error detected in plugin startup (see error logs)
L 11/13/2023 - 15:11:16: [SM] Exception reported: Failed to load signature: CDirector::IsInTransition
L 11/13/2023 - 15:11:16: [SM] Blaming: transitionzombiespawnfix.smx
L 11/13/2023 - 15:11:16: [SM] Call stack trace:
L 11/13/2023 - 15:11:16: [SM]   [0] SetFailState
L 11/13/2023 - 15:11:16: [SM]   [1] Line 73, C:\Users\Administrator\Desktop\1.10\transitionzombiespawnfix.sp::vSetupDetours
L 11/13/2023 - 15:11:16: [SM]   [2] Line 54, C:\Users\Administrator\Desktop\1.10\transitionzombiespawnfix.sp::vLoadGameData
L 11/13/2023 - 15:11:16: [SM]   [3] Line 35, C:\Users\Administrator\Desktop\1.10\transitionzombiespawnfix.sp::OnPluginStart
L 11/13/2023 - 15:11:16: [SM] Unable to load plugin "transitionzombiespawnfix.smx": Error detected in plugin startup (see error logs)
L 11/13/2023 - 15:12:18: Error log file session closed.
L 11/13/2023 - 15:12:18: SourceMod error session started
L 11/13/2023 - 15:12:18: Info (map "c1m2_streets") (file "D:\Steam\steamapps\common\Left 4 Dead 2\left4dead2\addons\sourcemod\logs\errors_20231113.log")
L 11/13/2023 - 15:12:18: [SM] Failed to load plugin "l4d_ffannounce.smx": Unable to load plugin (unsupported feature set; code is too new).
L 11/13/2023 - 15:12:18: [SM] Unable to load plugin "l4d_reload_fix.smx": Native "L4D2_GetIntWeaponAttribute" was not found
L 11/13/2023 - 15:14:38: Error log file session closed.
L 11/13/2023 - 15:15:10: SourceMod error session started
L 11/13/2023 - 15:15:10: Info (map "c6m2_bedlam") (file "D:\Steam\steamapps\common\Left 4 Dead 2\left4dead2\addons\sourcemod\logs\errors_20231113.log")
L 11/13/2023 - 15:15:10: [SM] Failed to load plugin "l4d_ffannounce.smx": Unable to load plugin (unsupported feature set; code is too new).
L 11/13/2023 - 15:15:10: [SM] Exception reported: Failed to find "CMoveableCamera::FollowTarget" signature.
L 11/13/2023 - 15:15:10: [SM] Blaming: FollowTarget_Detour.smx
L 11/13/2023 - 15:15:10: [SM] Call stack trace:
L 11/13/2023 - 15:15:10: [SM]   [0] SetFailState
L 11/13/2023 - 15:15:10: [SM]   [1] Line 61, C:\Users\Administrator\Desktop\1.10\FollowTarget_Detour.sp::SetupDetour
L 11/13/2023 - 15:15:10: [SM]   [2] Line 44, C:\Users\Administrator\Desktop\1.10\FollowTarget_Detour.sp::OnPluginStart
L 11/13/2023 - 15:15:10: [SM] Unable to load plugin "FollowTarget_Detour.smx": Error detected in plugin startup (see error logs)
L 11/13/2023 - 15:15:12: [left4dhooks.smx] Failed to find signature: HasAnySurvivorLeftSafeArea
L 11/13/2023 - 15:15:12: [left4dhooks.smx] Failed to find signature: IsTankInPlay
L 11/13/2023 - 15:15:12: [left4dhooks.smx] Failed to find signature: GetFurthestSurvivorFlow
L 11/13/2023 - 15:15:12: [left4dhooks.smx] Failed to find signature: GetScriptValueInt
L 11/13/2023 - 15:15:12: [SM] Exception reported: Could not load the "CTerrorGameRules::IsRealismMode" gamedata signature.
L 11/13/2023 - 15:15:12: [SM] Blaming: left4dhooks.smx
L 11/13/2023 - 15:15:12: [SM] Call stack trace:
L 11/13/2023 - 15:15:12: [SM]   [0] SetFailState
L 11/13/2023 - 15:15:12: [SM]   [1] Line 3520, C:\Users\Administrator\Desktop\1.11\left4dhooks.sp::LoadGameData
L 11/13/2023 - 15:15:12: [SM]   [2] Line 1446, C:\Users\Administrator\Desktop\1.11\left4dhooks.sp::OnPluginStart
L 11/13/2023 - 15:15:12: [SM] Unable to load plugin "left4dhooks.smx": Error detected in plugin startup (see error logs)
L 11/13/2023 - 15:15:12: [SM] Exception reported: Failed to load signature: CDirector::IsInTransition
L 11/13/2023 - 15:15:12: [SM] Blaming: transitionzombiespawnfix.smx
L 11/13/2023 - 15:15:12: [SM] Call stack trace:
L 11/13/2023 - 15:15:12: [SM]   [0] SetFailState
L 11/13/2023 - 15:15:12: [SM]   [1] Line 73, C:\Users\Administrator\Desktop\1.10\transitionzombiespawnfix.sp::vSetupDetours
L 11/13/2023 - 15:15:12: [SM]   [2] Line 54, C:\Users\Administrator\Desktop\1.10\transitionzombiespawnfix.sp::vLoadGameData
L 11/13/2023 - 15:15:12: [SM]   [3] Line 35, C:\Users\Administrator\Desktop\1.10\transitionzombiespawnfix.sp::OnPluginStart
L 11/13/2023 - 15:15:12: [SM] Unable to load plugin "transitionzombiespawnfix.smx": Error detected in plugin startup (see error logs)
L 11/13/2023 - 15:16:59: Error log file session closed.
L 11/13/2023 - 22:28:34: SourceMod error session started
L 11/13/2023 - 22:28:34: Info (map "c7m1_docks") (file "D:\Steam\steamapps\common\Left 4 Dead 2\left4dead2\addons\sourcemod\logs\errors_20231113.log")
L 11/13/2023 - 22:28:34: [SM] Failed to load plugin "l4d_ffannounce.smx": Unable to load plugin (unsupported feature set; code is too new).
L 11/13/2023 - 22:28:34: [SM] Exception reported: Failed to find "CMoveableCamera::FollowTarget" signature.
L 11/13/2023 - 22:28:34: [SM] Blaming: FollowTarget_Detour.smx
L 11/13/2023 - 22:28:34: [SM] Call stack trace:
L 11/13/2023 - 22:28:34: [SM]   [0] SetFailState
L 11/13/2023 - 22:28:34: [SM]   [1] Line 61, C:\Users\Administrator\Desktop\1.10\FollowTarget_Detour.sp::SetupDetour
L 11/13/2023 - 22:28:34: [SM]   [2] Line 44, C:\Users\Administrator\Desktop\1.10\FollowTarget_Detour.sp::OnPluginStart
L 11/13/2023 - 22:28:34: [SM] Unable to load plugin "FollowTarget_Detour.smx": Error detected in plugin startup (see error logs)
L 11/13/2023 - 22:28:36: [left4dhooks.smx] Failed to find signature: HasAnySurvivorLeftSafeArea
L 11/13/2023 - 22:28:36: [left4dhooks.smx] Failed to find signature: IsTankInPlay
L 11/13/2023 - 22:28:36: [left4dhooks.smx] Failed to find signature: GetFurthestSurvivorFlow
L 11/13/2023 - 22:28:36: [left4dhooks.smx] Failed to find signature: GetScriptValueInt
L 11/13/2023 - 22:28:36: [SM] Exception reported: Could not load the "CTerrorGameRules::IsRealismMode" gamedata signature.
L 11/13/2023 - 22:28:36: [SM] Blaming: left4dhooks.smx
L 11/13/2023 - 22:28:36: [SM] Call stack trace:
L 11/13/2023 - 22:28:36: [SM]   [0] SetFailState
L 11/13/2023 - 22:28:36: [SM]   [1] Line 3520, C:\Users\Administrator\Desktop\1.11\left4dhooks.sp::LoadGameData
L 11/13/2023 - 22:28:36: [SM]   [2] Line 1446, C:\Users\Administrator\Desktop\1.11\left4dhooks.sp::OnPluginStart
L 11/13/2023 - 22:28:36: [SM] Unable to load plugin "left4dhooks.smx": Error detected in plugin startup (see error logs)
L 11/13/2023 - 22:28:36: [SM] Exception reported: Failed to load signature: CDirector::IsInTransition
L 11/13/2023 - 22:28:36: [SM] Blaming: transitionzombiespawnfix.smx
L 11/13/2023 - 22:28:36: [SM] Call stack trace:
L 11/13/2023 - 22:28:36: [SM]   [0] SetFailState
L 11/13/2023 - 22:28:36: [SM]   [1] Line 73, C:\Users\Administrator\Desktop\1.10\transitionzombiespawnfix.sp::vSetupDetours
L 11/13/2023 - 22:28:36: [SM]   [2] Line 54, C:\Users\Administrator\Desktop\1.10\transitionzombiespawnfix.sp::vLoadGameData
L 11/13/2023 - 22:28:36: [SM]   [3] Line 35, C:\Users\Administrator\Desktop\1.10\transitionzombiespawnfix.sp::OnPluginStart
L 11/13/2023 - 22:28:36: [SM] Unable to load plugin "transitionzombiespawnfix.smx": Error detected in plugin startup (see error logs)
L 11/13/2023 - 22:39:25: Error log file session closed.
L 11/13/2023 - 22:39:25: SourceMod error session started
L 11/13/2023 - 22:39:25: Info (map "c7m2_barge") (file "D:\Steam\steamapps\common\Left 4 Dead 2\left4dead2\addons\sourcemod\logs\errors_20231113.log")
L 11/13/2023 - 22:39:25: [SM] Failed to load plugin "l4d_ffannounce.smx": Unable to load plugin (unsupported feature set; code is too new).
L 11/13/2023 - 22:39:25: [SM] Unable to load plugin "l4d_reload_fix.smx": Native "L4D2_GetIntWeaponAttribute" was not found
L 11/13/2023 - 23:06:15: Error log file session closed.
L 11/13/2023 - 23:06:15: SourceMod error session started
L 11/13/2023 - 23:06:15: Info (map "c7m3_port") (file "D:\Steam\steamapps\common\Left 4 Dead 2\left4dead2\addons\sourcemod\logs\errors_20231113.log")
L 11/13/2023 - 23:06:15: [SM] Failed to load plugin "l4d_ffannounce.smx": Unable to load plugin (unsupported feature set; code is too new).
L 11/13/2023 - 23:21:09: Error log file session closed.
L 11/13/2023 - 23:21:09: SourceMod error session started
L 11/13/2023 - 23:21:09: Info (map "c4m1_milltown_a") (file "D:\Steam\steamapps\common\Left 4 Dead 2\left4dead2\addons\sourcemod\logs\errors_20231113.log")
L 11/13/2023 - 23:21:09: [SM] Failed to load plugin "l4d_ffannounce.smx": Unable to load plugin (unsupported feature set; code is too new).
L 11/13/2023 - 23:30:02: Error log file session closed.
L 11/13/2023 - 23:30:02: SourceMod error session started
L 11/13/2023 - 23:30:02: Info (map "c4m2_sugarmill_a") (file "D:\Steam\steamapps\common\Left 4 Dead 2\left4dead2\addons\sourcemod\logs\errors_20231113.log")
L 11/13/2023 - 23:30:02: [SM] Failed to load plugin "l4d_ffannounce.smx": Unable to load plugin (unsupported feature set; code is too new).
L 11/13/2023 - 23:31:01: Error log file session closed.
L 11/13/2023 - 23:37:27: SourceMod error session started
L 11/13/2023 - 23:37:27: Info (map "c4m1_milltown_a") (file "D:\Steam\steamapps\common\Left 4 Dead 2\left4dead2\addons\sourcemod\logs\errors_20231113.log")
L 11/13/2023 - 23:37:27: [SM] Failed to load plugin "l4d_ffannounce.smx": Unable to load plugin (unsupported feature set; code is too new).
L 11/13/2023 - 23:37:27: [SM] Exception reported: Failed to find "CMoveableCamera::FollowTarget" signature.
L 11/13/2023 - 23:37:27: [SM] Blaming: FollowTarget_Detour.smx
L 11/13/2023 - 23:37:27: [SM] Call stack trace:
L 11/13/2023 - 23:37:27: [SM]   [0] SetFailState
L 11/13/2023 - 23:37:27: [SM]   [1] Line 61, C:\Users\Administrator\Desktop\1.10\FollowTarget_Detour.sp::SetupDetour
L 11/13/2023 - 23:37:27: [SM]   [2] Line 44, C:\Users\Administrator\Desktop\1.10\FollowTarget_Detour.sp::OnPluginStart
L 11/13/2023 - 23:37:27: [SM] Unable to load plugin "FollowTarget_Detour.smx": Error detected in plugin startup (see error logs)
L 11/13/2023 - 23:37:28: [left4dhooks.smx] Failed to find signature: HasAnySurvivorLeftSafeArea
L 11/13/2023 - 23:37:28: [left4dhooks.smx] Failed to find signature: IsTankInPlay
L 11/13/2023 - 23:37:28: [left4dhooks.smx] Failed to find signature: GetFurthestSurvivorFlow
L 11/13/2023 - 23:37:28: [left4dhooks.smx] Failed to find signature: GetScriptValueInt
L 11/13/2023 - 23:37:28: [SM] Exception reported: Could not load the "CTerrorGameRules::IsRealismMode" gamedata signature.
L 11/13/2023 - 23:37:28: [SM] Blaming: left4dhooks.smx
L 11/13/2023 - 23:37:28: [SM] Call stack trace:
L 11/13/2023 - 23:37:28: [SM]   [0] SetFailState
L 11/13/2023 - 23:37:28: [SM]   [1] Line 3520, C:\Users\Administrator\Desktop\1.11\left4dhooks.sp::LoadGameData
L 11/13/2023 - 23:37:28: [SM]   [2] Line 1446, C:\Users\Administrator\Desktop\1.11\left4dhooks.sp::OnPluginStart
L 11/13/2023 - 23:37:28: [SM] Unable to load plugin "left4dhooks.smx": Error detected in plugin startup (see error logs)
L 11/13/2023 - 23:37:28: [SM] Exception reported: Failed to load signature: CDirector::IsInTransition
L 11/13/2023 - 23:37:28: [SM] Blaming: transitionzombiespawnfix.smx
L 11/13/2023 - 23:37:28: [SM] Call stack trace:
L 11/13/2023 - 23:37:28: [SM]   [0] SetFailState
L 11/13/2023 - 23:37:28: [SM]   [1] Line 73, C:\Users\Administrator\Desktop\1.10\transitionzombiespawnfix.sp::vSetupDetours
L 11/13/2023 - 23:37:28: [SM]   [2] Line 54, C:\Users\Administrator\Desktop\1.10\transitionzombiespawnfix.sp::vLoadGameData
L 11/13/2023 - 23:37:28: [SM]   [3] Line 35, C:\Users\Administrator\Desktop\1.10\transitionzombiespawnfix.sp::OnPluginStart
L 11/13/2023 - 23:37:28: [SM] Unable to load plugin "transitionzombiespawnfix.smx": Error detected in plugin startup (see error logs)
L 11/13/2023 - 23:41:43: Error log file session closed.
L 11/13/2023 - 23:41:43: SourceMod error session started
L 11/13/2023 - 23:41:43: Info (map "c4m1_milltown_a") (file "D:\Steam\steamapps\common\Left 4 Dead 2\left4dead2\addons\sourcemod\logs\errors_20231113.log")
L 11/13/2023 - 23:41:43: [SM] Failed to load plugin "l4d_ffannounce.smx": Unable to load plugin (unsupported feature set; code is too new).
L 11/13/2023 - 23:41:43: [SM] Unable to load plugin "l4d_reload_fix.smx": Native "L4D2_GetIntWeaponAttribute" was not found
L 11/13/2023 - 23:46:42: Error log file session closed.
L 11/13/2023 - 23:46:42: SourceMod error session started
L 11/13/2023 - 23:46:42: Info (map "c4m2_sugarmill_a") (file "D:\Steam\steamapps\common\Left 4 Dead 2\left4dead2\addons\sourcemod\logs\errors_20231113.log")
L 11/13/2023 - 23:46:42: [SM] Failed to load plugin "l4d_ffannounce.smx": Unable to load plugin (unsupported feature set; code is too new).
L 11/13/2023 - 23:55:23: Error log file session closed.
L 11/13/2023 - 23:55:23: SourceMod error session started
L 11/13/2023 - 23:55:23: Info (map "c4m3_sugarmill_b") (file "D:\Steam\steamapps\common\Left 4 Dead 2\left4dead2\addons\sourcemod\logs\errors_20231113.log")
L 11/13/2023 - 23:55:23: [SM] Failed to load plugin "l4d_ffannounce.smx": Unable to load plugin (unsupported feature set; code is too new).
L 11/14/2023 - 00:01:47: Error log file session closed.
