L 11/26/2023 - 20:24:20: SourceMod error session started
L 11/26/2023 - 20:24:20: Info (map "zc_m1") (file "D:\Steam\steamapps\common\Left 4 Dead 2\left4dead2\addons\sourcemod\logs\errors_20231126.log")
L 11/26/2023 - 20:24:20: [SM] Failed to load plugin "l4d_ffannounce.smx": Unable to load plugin (unsupported feature set; code is too new).
L 11/26/2023 - 20:24:20: [SM] Failed to load plugin "survivor_chat_select.smx": Unable to load plugin (unsupported feature set; code is too new).
L 11/26/2023 - 20:24:20: [SM] Exception reported: Failed to find "CMoveableCamera::FollowTarget" signature.
L 11/26/2023 - 20:24:20: [SM] Blaming: FollowTarget_Detour.smx
L 11/26/2023 - 20:24:20: [SM] Call stack trace:
L 11/26/2023 - 20:24:20: [SM]   [0] SetFailState
L 11/26/2023 - 20:24:20: [SM]   [1] Line 61, C:\Users\Administrator\Desktop\1.10\FollowTarget_Detour.sp::SetupDetour
L 11/26/2023 - 20:24:20: [SM]   [2] Line 44, C:\Users\Administrator\Desktop\1.10\FollowTarget_Detour.sp::OnPluginStart
L 11/26/2023 - 20:24:20: [SM] Unable to load plugin "FollowTarget_Detour.smx": Error detected in plugin startup (see error logs)
L 11/26/2023 - 20:24:22: [left4dhooks.smx] Failed to find signature: HasAnySurvivorLeftSafeArea
L 11/26/2023 - 20:24:22: [left4dhooks.smx] Failed to find signature: IsTankInPlay
L 11/26/2023 - 20:24:22: [left4dhooks.smx] Failed to find signature: GetFurthestSurvivorFlow
L 11/26/2023 - 20:24:22: [left4dhooks.smx] Failed to find signature: GetScriptValueInt
L 11/26/2023 - 20:24:22: [SM] Exception reported: Could not load the "CTerrorGameRules::IsRealismMode" gamedata signature.
L 11/26/2023 - 20:24:22: [SM] Blaming: left4dhooks.smx
L 11/26/2023 - 20:24:22: [SM] Call stack trace:
L 11/26/2023 - 20:24:22: [SM]   [0] SetFailState
L 11/26/2023 - 20:24:22: [SM]   [1] Line 3520, C:\Users\Administrator\Desktop\1.11\left4dhooks.sp::LoadGameData
L 11/26/2023 - 20:24:22: [SM]   [2] Line 1446, C:\Users\Administrator\Desktop\1.11\left4dhooks.sp::OnPluginStart
L 11/26/2023 - 20:24:22: [SM] Unable to load plugin "left4dhooks.smx": Error detected in plugin startup (see error logs)
L 11/26/2023 - 20:24:22: [SM] Exception reported: Failed to load signature: CDirector::IsInTransition
L 11/26/2023 - 20:24:22: [SM] Blaming: transitionzombiespawnfix.smx
L 11/26/2023 - 20:24:22: [SM] Call stack trace:
L 11/26/2023 - 20:24:22: [SM]   [0] SetFailState
L 11/26/2023 - 20:24:22: [SM]   [1] Line 73, C:\Users\Administrator\Desktop\1.10\transitionzombiespawnfix.sp::vSetupDetours
L 11/26/2023 - 20:24:22: [SM]   [2] Line 54, C:\Users\Administrator\Desktop\1.10\transitionzombiespawnfix.sp::vLoadGameData
L 11/26/2023 - 20:24:22: [SM]   [3] Line 35, C:\Users\Administrator\Desktop\1.10\transitionzombiespawnfix.sp::OnPluginStart
L 11/26/2023 - 20:24:22: [SM] Unable to load plugin "transitionzombiespawnfix.smx": Error detected in plugin startup (see error logs)
L 11/26/2023 - 20:37:17: Error log file session closed.
L 11/26/2023 - 20:37:17: SourceMod error session started
L 11/26/2023 - 20:37:17: Info (map "zc_m2") (file "D:\Steam\steamapps\common\Left 4 Dead 2\left4dead2\addons\sourcemod\logs\errors_20231126.log")
L 11/26/2023 - 20:37:17: [SM] Failed to load plugin "l4d_ffannounce.smx": Unable to load plugin (unsupported feature set; code is too new).
L 11/26/2023 - 20:37:17: [SM] Failed to load plugin "survivor_chat_select.smx": Unable to load plugin (unsupported feature set; code is too new).
L 11/26/2023 - 20:37:17: [SM] Unable to load plugin "l4d_reload_fix.smx": Native "L4D2_GetIntWeaponAttribute" was not found
L 11/26/2023 - 20:59:08: Error log file session closed.
L 11/26/2023 - 20:59:08: SourceMod error session started
L 11/26/2023 - 20:59:08: Info (map "zc_m3") (file "D:\Steam\steamapps\common\Left 4 Dead 2\left4dead2\addons\sourcemod\logs\errors_20231126.log")
L 11/26/2023 - 20:59:08: [SM] Failed to load plugin "l4d_ffannounce.smx": Unable to load plugin (unsupported feature set; code is too new).
L 11/26/2023 - 20:59:08: [SM] Failed to load plugin "survivor_chat_select.smx": Unable to load plugin (unsupported feature set; code is too new).
L 11/26/2023 - 21:02:11: Error log file session closed.
L 11/26/2023 - 21:02:11: SourceMod error session started
L 11/26/2023 - 21:02:11: Info (map "zc_m1") (file "D:\Steam\steamapps\common\Left 4 Dead 2\left4dead2\addons\sourcemod\logs\errors_20231126.log")
L 11/26/2023 - 21:02:11: [SM] Failed to load plugin "l4d_ffannounce.smx": Unable to load plugin (unsupported feature set; code is too new).
L 11/26/2023 - 21:02:11: [SM] Failed to load plugin "survivor_chat_select.smx": Unable to load plugin (unsupported feature set; code is too new).
L 11/26/2023 - 21:03:09: Error log file session closed.
L 11/26/2023 - 21:03:09: SourceMod error session started
L 11/26/2023 - 21:03:09: Info (map "zc_m3") (file "D:\Steam\steamapps\common\Left 4 Dead 2\left4dead2\addons\sourcemod\logs\errors_20231126.log")
L 11/26/2023 - 21:03:09: [SM] Failed to load plugin "l4d_ffannounce.smx": Unable to load plugin (unsupported feature set; code is too new).
L 11/26/2023 - 21:03:09: [SM] Failed to load plugin "survivor_chat_select.smx": Unable to load plugin (unsupported feature set; code is too new).
L 11/26/2023 - 21:19:08: Error log file session closed.
L 11/26/2023 - 21:19:08: SourceMod error session started
L 11/26/2023 - 21:19:08: Info (map "zc_m4") (file "D:\Steam\steamapps\common\Left 4 Dead 2\left4dead2\addons\sourcemod\logs\errors_20231126.log")
L 11/26/2023 - 21:19:08: [SM] Failed to load plugin "l4d_ffannounce.smx": Unable to load plugin (unsupported feature set; code is too new).
L 11/26/2023 - 21:19:08: [SM] Failed to load plugin "survivor_chat_select.smx": Unable to load plugin (unsupported feature set; code is too new).
L 11/26/2023 - 21:46:40: Error log file session closed.
L 11/26/2023 - 21:46:40: SourceMod error session started
L 11/26/2023 - 21:46:40: Info (map "zc_m5") (file "D:\Steam\steamapps\common\Left 4 Dead 2\left4dead2\addons\sourcemod\logs\errors_20231126.log")
L 11/26/2023 - 21:46:40: [SM] Failed to load plugin "l4d_ffannounce.smx": Unable to load plugin (unsupported feature set; code is too new).
L 11/26/2023 - 21:46:40: [SM] Failed to load plugin "survivor_chat_select.smx": Unable to load plugin (unsupported feature set; code is too new).
L 11/26/2023 - 22:09:17: Error log file session closed.
