L 12/16/2023 - 22:02:20: SourceMod error session started
L 12/16/2023 - 22:02:20: Info (map "l4d2_bts01_forest") (file "D:\Steam\steamapps\common\Left 4 Dead 2\left4dead2\addons\sourcemod\logs\errors_20231216.log")
L 12/16/2023 - 22:02:20: [SM] Failed to load plugin "l4d_ffannounce.smx": Unable to load plugin (unsupported feature set; code is too new).
L 12/16/2023 - 22:02:20: [SM] Failed to load plugin "survivor_chat_select.smx": Unable to load plugin (unsupported feature set; code is too new).
L 12/16/2023 - 22:02:20: [SM] Exception reported: Failed to find "CMoveableCamera::FollowTarget" signature.
L 12/16/2023 - 22:02:20: [SM] Blaming: FollowTarget_Detour.smx
L 12/16/2023 - 22:02:20: [SM] Call stack trace:
L 12/16/2023 - 22:02:20: [SM]   [0] SetFailState
L 12/16/2023 - 22:02:20: [SM]   [1] Line 61, C:\Users\Administrator\Desktop\1.10\FollowTarget_Detour.sp::SetupDetour
L 12/16/2023 - 22:02:20: [SM]   [2] Line 44, C:\Users\Administrator\Desktop\1.10\FollowTarget_Detour.sp::OnPluginStart
L 12/16/2023 - 22:02:20: [SM] Unable to load plugin "FollowTarget_Detour.smx": Error detected in plugin startup (see error logs)
L 12/16/2023 - 22:02:22: [left4dhooks.smx] Failed to find signature: HasAnySurvivorLeftSafeArea
L 12/16/2023 - 22:02:22: [left4dhooks.smx] Failed to find signature: IsTankInPlay
L 12/16/2023 - 22:02:22: [left4dhooks.smx] Failed to find signature: GetFurthestSurvivorFlow
L 12/16/2023 - 22:02:22: [left4dhooks.smx] Failed to find signature: GetScriptValueInt
L 12/16/2023 - 22:02:22: [SM] Exception reported: Could not load the "CTerrorGameRules::IsRealismMode" gamedata signature.
L 12/16/2023 - 22:02:22: [SM] Blaming: left4dhooks.smx
L 12/16/2023 - 22:02:22: [SM] Call stack trace:
L 12/16/2023 - 22:02:22: [SM]   [0] SetFailState
L 12/16/2023 - 22:02:22: [SM]   [1] Line 3520, C:\Users\Administrator\Desktop\1.11\left4dhooks.sp::LoadGameData
L 12/16/2023 - 22:02:22: [SM]   [2] Line 1446, C:\Users\Administrator\Desktop\1.11\left4dhooks.sp::OnPluginStart
L 12/16/2023 - 22:02:22: [SM] Unable to load plugin "left4dhooks.smx": Error detected in plugin startup (see error logs)
L 12/16/2023 - 22:02:22: [SM] Exception reported: Failed to load signature: CDirector::IsInTransition
L 12/16/2023 - 22:02:22: [SM] Blaming: transitionzombiespawnfix.smx
L 12/16/2023 - 22:02:22: [SM] Call stack trace:
L 12/16/2023 - 22:02:22: [SM]   [0] SetFailState
L 12/16/2023 - 22:02:22: [SM]   [1] Line 73, C:\Users\Administrator\Desktop\1.10\transitionzombiespawnfix.sp::vSetupDetours
L 12/16/2023 - 22:02:22: [SM]   [2] Line 54, C:\Users\Administrator\Desktop\1.10\transitionzombiespawnfix.sp::vLoadGameData
L 12/16/2023 - 22:02:22: [SM]   [3] Line 35, C:\Users\Administrator\Desktop\1.10\transitionzombiespawnfix.sp::OnPluginStart
L 12/16/2023 - 22:02:22: [SM] Unable to load plugin "transitionzombiespawnfix.smx": Error detected in plugin startup (see error logs)
L 12/16/2023 - 22:16:44: Error log file session closed.
L 12/16/2023 - 22:16:44: SourceMod error session started
L 12/16/2023 - 22:16:44: Info (map "l4d2_bts02_station") (file "D:\Steam\steamapps\common\Left 4 Dead 2\left4dead2\addons\sourcemod\logs\errors_20231216.log")
L 12/16/2023 - 22:16:44: [SM] Failed to load plugin "l4d_ffannounce.smx": Unable to load plugin (unsupported feature set; code is too new).
L 12/16/2023 - 22:16:44: [SM] Failed to load plugin "survivor_chat_select.smx": Unable to load plugin (unsupported feature set; code is too new).
L 12/16/2023 - 22:16:44: [SM] Unable to load plugin "l4d_reload_fix.smx": Native "L4D2_GetIntWeaponAttribute" was not found
L 12/16/2023 - 22:28:17: Error log file session closed.
L 12/16/2023 - 22:28:17: SourceMod error session started
L 12/16/2023 - 22:28:17: Info (map "l4d2_bts03_town") (file "D:\Steam\steamapps\common\Left 4 Dead 2\left4dead2\addons\sourcemod\logs\errors_20231216.log")
L 12/16/2023 - 22:28:17: [SM] Failed to load plugin "l4d_ffannounce.smx": Unable to load plugin (unsupported feature set; code is too new).
L 12/16/2023 - 22:28:17: [SM] Failed to load plugin "survivor_chat_select.smx": Unable to load plugin (unsupported feature set; code is too new).
L 12/16/2023 - 22:42:07: Error log file session closed.
L 12/16/2023 - 22:42:07: SourceMod error session started
L 12/16/2023 - 22:42:07: Info (map "l4d2_bts04_cinema") (file "D:\Steam\steamapps\common\Left 4 Dead 2\left4dead2\addons\sourcemod\logs\errors_20231216.log")
L 12/16/2023 - 22:42:07: [SM] Failed to load plugin "l4d_ffannounce.smx": Unable to load plugin (unsupported feature set; code is too new).
L 12/16/2023 - 22:42:07: [SM] Failed to load plugin "survivor_chat_select.smx": Unable to load plugin (unsupported feature set; code is too new).
L 12/16/2023 - 22:53:11: Error log file session closed.
L 12/16/2023 - 22:53:11: SourceMod error session started
L 12/16/2023 - 22:53:11: Info (map "l4d2_bts05_church") (file "D:\Steam\steamapps\common\Left 4 Dead 2\left4dead2\addons\sourcemod\logs\errors_20231216.log")
L 12/16/2023 - 22:53:11: [SM] Failed to load plugin "l4d_ffannounce.smx": Unable to load plugin (unsupported feature set; code is too new).
L 12/16/2023 - 22:53:11: [SM] Failed to load plugin "survivor_chat_select.smx": Unable to load plugin (unsupported feature set; code is too new).
L 12/16/2023 - 23:03:33: Error log file session closed.
L 12/16/2023 - 23:03:33: SourceMod error session started
L 12/16/2023 - 23:03:33: Info (map "l4d2_bts06_school") (file "D:\Steam\steamapps\common\Left 4 Dead 2\left4dead2\addons\sourcemod\logs\errors_20231216.log")
L 12/16/2023 - 23:03:33: [SM] Failed to load plugin "l4d_ffannounce.smx": Unable to load plugin (unsupported feature set; code is too new).
L 12/16/2023 - 23:03:33: [SM] Failed to load plugin "survivor_chat_select.smx": Unable to load plugin (unsupported feature set; code is too new).
L 12/16/2023 - 23:40:52: Error log file session closed.
