L 11/30/2023 - 16:43:32: SourceMod error session started
L 11/30/2023 - 16:43:32: Info (map "l4d_yama_1") (file "D:\Steam\steamapps\common\Left 4 Dead 2\left4dead2\addons\sourcemod\logs\errors_20231130.log")
L 11/30/2023 - 16:43:32: [SM] Failed to load plugin "l4d_ffannounce.smx": Unable to load plugin (unsupported feature set; code is too new).
L 11/30/2023 - 16:43:32: [SM] Failed to load plugin "survivor_chat_select.smx": Unable to load plugin (unsupported feature set; code is too new).
L 11/30/2023 - 16:43:32: [SM] Exception reported: Failed to find "CMoveableCamera::FollowTarget" signature.
L 11/30/2023 - 16:43:32: [SM] Blaming: FollowTarget_Detour.smx
L 11/30/2023 - 16:43:32: [SM] Call stack trace:
L 11/30/2023 - 16:43:32: [SM]   [0] SetFailState
L 11/30/2023 - 16:43:32: [SM]   [1] Line 61, C:\Users\Administrator\Desktop\1.10\FollowTarget_Detour.sp::SetupDetour
L 11/30/2023 - 16:43:32: [SM]   [2] Line 44, C:\Users\Administrator\Desktop\1.10\FollowTarget_Detour.sp::OnPluginStart
L 11/30/2023 - 16:43:32: [SM] Unable to load plugin "FollowTarget_Detour.smx": Error detected in plugin startup (see error logs)
L 11/30/2023 - 16:43:33: [left4dhooks.smx] Failed to find signature: HasAnySurvivorLeftSafeArea
L 11/30/2023 - 16:43:33: [left4dhooks.smx] Failed to find signature: IsTankInPlay
L 11/30/2023 - 16:43:33: [left4dhooks.smx] Failed to find signature: GetFurthestSurvivorFlow
L 11/30/2023 - 16:43:33: [left4dhooks.smx] Failed to find signature: GetScriptValueInt
L 11/30/2023 - 16:43:33: [SM] Exception reported: Could not load the "CTerrorGameRules::IsRealismMode" gamedata signature.
L 11/30/2023 - 16:43:33: [SM] Blaming: left4dhooks.smx
L 11/30/2023 - 16:43:33: [SM] Call stack trace:
L 11/30/2023 - 16:43:33: [SM]   [0] SetFailState
L 11/30/2023 - 16:43:33: [SM]   [1] Line 3520, C:\Users\Administrator\Desktop\1.11\left4dhooks.sp::LoadGameData
L 11/30/2023 - 16:43:33: [SM]   [2] Line 1446, C:\Users\Administrator\Desktop\1.11\left4dhooks.sp::OnPluginStart
L 11/30/2023 - 16:43:33: [SM] Unable to load plugin "left4dhooks.smx": Error detected in plugin startup (see error logs)
L 11/30/2023 - 16:43:34: [SM] Exception reported: Failed to load signature: CDirector::IsInTransition
L 11/30/2023 - 16:43:34: [SM] Blaming: transitionzombiespawnfix.smx
L 11/30/2023 - 16:43:34: [SM] Call stack trace:
L 11/30/2023 - 16:43:34: [SM]   [0] SetFailState
L 11/30/2023 - 16:43:34: [SM]   [1] Line 73, C:\Users\Administrator\Desktop\1.10\transitionzombiespawnfix.sp::vSetupDetours
L 11/30/2023 - 16:43:34: [SM]   [2] Line 54, C:\Users\Administrator\Desktop\1.10\transitionzombiespawnfix.sp::vLoadGameData
L 11/30/2023 - 16:43:34: [SM]   [3] Line 35, C:\Users\Administrator\Desktop\1.10\transitionzombiespawnfix.sp::OnPluginStart
L 11/30/2023 - 16:43:34: [SM] Unable to load plugin "transitionzombiespawnfix.smx": Error detected in plugin startup (see error logs)
L 11/30/2023 - 17:09:50: Error log file session closed.
L 11/30/2023 - 17:09:50: SourceMod error session started
L 11/30/2023 - 17:09:50: Info (map "l4d_yama_2") (file "D:\Steam\steamapps\common\Left 4 Dead 2\left4dead2\addons\sourcemod\logs\errors_20231130.log")
L 11/30/2023 - 17:09:50: [SM] Failed to load plugin "l4d_ffannounce.smx": Unable to load plugin (unsupported feature set; code is too new).
L 11/30/2023 - 17:09:50: [SM] Failed to load plugin "survivor_chat_select.smx": Unable to load plugin (unsupported feature set; code is too new).
L 11/30/2023 - 17:09:50: [SM] Unable to load plugin "l4d_reload_fix.smx": Native "L4D2_GetIntWeaponAttribute" was not found
L 11/30/2023 - 17:22:31: Error log file session closed.
L 11/30/2023 - 17:22:31: SourceMod error session started
L 11/30/2023 - 17:22:31: Info (map "l4d_yama_3") (file "D:\Steam\steamapps\common\Left 4 Dead 2\left4dead2\addons\sourcemod\logs\errors_20231130.log")
L 11/30/2023 - 17:22:31: [SM] Failed to load plugin "l4d_ffannounce.smx": Unable to load plugin (unsupported feature set; code is too new).
L 11/30/2023 - 17:22:31: [SM] Failed to load plugin "survivor_chat_select.smx": Unable to load plugin (unsupported feature set; code is too new).
L 11/30/2023 - 17:36:05: Error log file session closed.
L 11/30/2023 - 17:36:05: SourceMod error session started
L 11/30/2023 - 17:36:05: Info (map "l4d_yama_4") (file "D:\Steam\steamapps\common\Left 4 Dead 2\left4dead2\addons\sourcemod\logs\errors_20231130.log")
L 11/30/2023 - 17:36:05: [SM] Failed to load plugin "l4d_ffannounce.smx": Unable to load plugin (unsupported feature set; code is too new).
L 11/30/2023 - 17:36:05: [SM] Failed to load plugin "survivor_chat_select.smx": Unable to load plugin (unsupported feature set; code is too new).
L 11/30/2023 - 17:49:26: Error log file session closed.
L 11/30/2023 - 17:49:26: SourceMod error session started
L 11/30/2023 - 17:49:26: Info (map "l4d_yama_5") (file "D:\Steam\steamapps\common\Left 4 Dead 2\left4dead2\addons\sourcemod\logs\errors_20231130.log")
L 11/30/2023 - 17:49:26: [SM] Failed to load plugin "l4d_ffannounce.smx": Unable to load plugin (unsupported feature set; code is too new).
L 11/30/2023 - 17:49:26: [SM] Failed to load plugin "survivor_chat_select.smx": Unable to load plugin (unsupported feature set; code is too new).
L 11/30/2023 - 17:59:35: Error log file session closed.
