L 11/15/2023 - 22:06:07: SourceMod log file session started (file "D:\Steam\steamapps\common\Left 4 Dead 2\left4dead2\addons\sourcemod\logs\L20231115.log") (Version "1.10.0.6515")
L 11/15/2023 - 22:06:07: [basecommands.smx] "Arisle<2><STEAM_1:0:170600520><>" refreshed the admin cache.
L 11/15/2023 - 22:07:54: [SM] Changed map to "c1m2_streets"
L 11/15/2023 - 22:07:55: -------- Mapchange to c1m2_streets --------
L 11/15/2023 - 22:10:07: -------- Mapchange to c1m2_streets --------
L 11/15/2023 - 22:10:47: [basecommands.smx] "Arisle<9><STEAM_ID_PENDING><>" refreshed the admin cache.
L 11/15/2023 - 22:11:59: [basecommands.smx] "Arisle<9><STEAM_1:0:170600520><>" changed map to "c1m2_streets"
L 11/15/2023 - 22:12:02: [SM] Changed map to "c1m2_streets"
L 11/15/2023 - 22:12:04: -------- Mapchange to c1m2_streets --------
L 11/15/2023 - 22:12:42: [SM] Changed map to "c1m2_streets"
L 11/15/2023 - 22:12:43: -------- Mapchange to c1m2_streets --------
L 11/15/2023 - 22:13:34: [SM] Changed map to "c1m2_streets"
L 11/15/2023 - 22:13:36: -------- Mapchange to c1m2_streets --------
L 11/15/2023 - 22:14:52: Log file closed.
L 11/15/2023 - 22:16:24: SourceMod log file session started (file "D:\Steam\steamapps\common\Left 4 Dead 2\left4dead2\addons\sourcemod\logs\L20231115.log") (Version "1.10.0.6515")
L 11/15/2023 - 22:16:24: [basecommands.smx] "Arisle<2><STEAM_ID_PENDING><>" changed map to "c1m2_streets"
L 11/15/2023 - 22:16:27: [SM] Changed map to "c1m2_streets"
L 11/15/2023 - 22:16:28: -------- Mapchange to c1m2_streets --------
L 11/15/2023 - 22:16:58: [SM] Changed map to "c1m2_streets"
L 11/15/2023 - 22:16:59: -------- Mapchange to c1m2_streets --------
L 11/15/2023 - 22:17:40: Log file closed.
L 11/15/2023 - 22:19:56: SourceMod log file session started (file "D:\Steam\steamapps\common\Left 4 Dead 2\left4dead2\addons\sourcemod\logs\L20231115.log") (Version "1.10.0.6515")
L 11/15/2023 - 22:19:56: [SM] Changed map to "c1m2_streets"
L 11/15/2023 - 22:19:58: -------- Mapchange to c1m2_streets --------
L 11/15/2023 - 22:20:29: Log file closed.
L 11/15/2023 - 22:22:40: SourceMod log file session started (file "D:\Steam\steamapps\common\Left 4 Dead 2\left4dead2\addons\sourcemod\logs\L20231115.log") (Version "1.10.0.6515")
L 11/15/2023 - 22:22:40: [basecommands.smx] "Arisle<2><STEAM_ID_PENDING><>" changed map to "c1m2_streets"
L 11/15/2023 - 22:22:43: [SM] Changed map to "c1m2_streets"
L 11/15/2023 - 22:22:45: -------- Mapchange to c1m2_streets --------
L 11/15/2023 - 22:24:54: [basecommands.smx] "Arisle<2><STEAM_1:0:170600520><>" refreshed the admin cache.
L 11/15/2023 - 22:25:12: [SM] Changed map to "c1m2_streets"
L 11/15/2023 - 22:25:13: -------- Mapchange to c1m2_streets --------
L 11/15/2023 - 22:35:07: -------- Mapchange to c2m1_highway --------
L 11/15/2023 - 22:38:09: Log file closed.
L 11/15/2023 - 22:56:24: SourceMod log file session started (file "D:\Steam\steamapps\common\Left 4 Dead 2\left4dead2\addons\sourcemod\logs\L20231115.log") (Version "1.10.0.6515")
L 11/15/2023 - 22:56:24: -------- Mapchange to c2m2_fairgrounds --------
L 11/15/2023 - 23:04:39: -------- Mapchange to c2m3_coaster --------
L 11/15/2023 - 23:14:39: -------- Mapchange to c2m4_barns --------
L 11/15/2023 - 23:22:07: -------- Mapchange to c2m5_concert --------
L 11/15/2023 - 23:30:14: Log file closed.
L 11/15/2023 - 23:45:12: SourceMod log file session started (file "D:\Steam\steamapps\common\Left 4 Dead 2\left4dead2\addons\sourcemod\logs\L20231115.log") (Version "1.10.0.6515")
L 11/15/2023 - 23:45:12: -------- Mapchange to c9m2_lots --------
L 11/16/2023 - 00:13:52: Log file closed.
